[2024-10-26 00:47:33] [WARNING] Rate limit reached, waiting...
[2024-10-26 00:47:33] [WARNING] Rate limit reached, waiting...
[2024-10-26 00:47:37] [INFO] Email sent successfully to pio.iskolar.team@gmail.com
[2024-10-26 00:47:37] [INFO] Email sent successfully to alexis.jacinto.320401@gmail.com
[2024-10-26 00:55:56] [WARNING] Rate limit reached, waiting...
[2024-10-26 00:55:59] [INFO] Email sent successfully to pio.iskolar.team@gmail.com
[2024-10-26 00:56:01] [INFO] Email sent successfully to a@a.com
[2024-10-26 04:23:06] [INFO] Email sent successfully to raisseille@gmail.com
[2024-10-26 07:01:48] [WARNING] Rate limit reached, waiting...
[2024-10-26 07:01:48] [WARNING] Rate limit reached, waiting...
[2024-10-26 07:01:48] [WARNING] Rate limit reached, waiting...
[2024-10-26 07:01:48] [WARNING] Rate limit reached, waiting...
[2024-10-26 07:01:48] [WARNING] Rate limit reached, waiting...
[2024-10-26 07:01:48] [WARNING] Rate limit reached, waiting...
[2024-10-26 07:01:48] [WARNING] Rate limit reached, waiting...
[2024-10-26 07:01:48] [WARNING] Rate limit reached, waiting...
[2024-10-26 07:01:48] [WARNING] Rate limit reached, waiting...
[2024-10-26 07:01:48] [WARNING] Rate limit reached, waiting...
[2024-10-26 07:01:49] [WARNING] Rate limit reached, waiting...
[2024-10-26 07:01:49] [WARNING] Rate limit reached, waiting...
[2024-10-26 07:01:49] [WARNING] Rate limit reached, waiting...
[2024-10-26 07:01:49] [WARNING] Rate limit reached, waiting...
[2024-10-26 07:01:49] [WARNING] Rate limit reached, waiting...
[2024-10-26 07:01:49] [WARNING] Rate limit reached, waiting...
[2024-10-26 07:01:50] [WARNING] Rate limit reached, waiting...
[2024-10-26 07:01:50] [WARNING] Rate limit reached, waiting...
[2024-10-26 07:01:50] [WARNING] Rate limit reached, waiting...
[2024-10-26 07:01:53] [INFO] Email sent successfully to abcde@gmail.com
[2024-10-26 07:01:53] [INFO] Email sent successfully to abcde@gmail.com
[2024-10-26 07:01:54] [INFO] Email sent successfully to abcde@gmail.com
[2024-10-26 07:01:54] [INFO] Email sent successfully to abcde@gmail.com
[2024-10-26 07:01:55] [INFO] Email sent successfully to abcde@gmail.com
[2024-10-26 07:01:55] [INFO] Email sent successfully to garcia@gmail.com
[2024-10-26 07:01:56] [INFO] Email sent successfully to abcde@gmail.com
[2024-10-26 07:01:56] [INFO] Email sent successfully to email@email.com
[2024-10-26 07:01:57] [INFO] Email sent successfully to abcde@gmail.com
[2024-10-26 07:01:58] [INFO] Email sent successfully to abcde@gmail.com
[2024-10-26 07:50:35] [INFO] Email sent successfully to alexis.jacinto.320401@gmail.com
[2024-10-26 08:06:49] [INFO] Email sent successfully to aaa@gmail.com
[2024-10-26 08:07:55] [INFO] Email sent successfully to bbbbb@gmail.com
[2024-10-26 08:11:01] [INFO] Email sent successfully to cccc@gmail.com
[2024-10-26 08:11:26] [INFO] Email sent successfully to lalalalalal@gmail.com
